DEBUG 2025-01-13 20:02:22,621 views PRICE LOW 0 : PRICE_HIGH 10000
DEBUG 2025-01-13 20:02:23,240 views PRICE LOW 0 : PRICE_HIGH 10000
DEBUG 2025-01-13 20:02:23,358 views PRICE LOW 0 : PRICE_HIGH 10000
DEBUG 2025-01-13 20:02:44,851 views PRICE LOW 0 : PRICE_HIGH 10000
DEBUG 2025-01-13 20:02:45,006 views PRICE LOW 0 : PRICE_HIGH 10000
DEBUG 2025-01-13 20:02:45,125 views PRICE LOW 0 : PRICE_HIGH 10000
DEBUG 2025-01-13 20:03:08,667 views FORM IS VALID: Contact Form is Vald
ERROR 2025-01-14 18:57:35,497 views LOGIN: User allready logged in tries a new login
ERROR 2025-01-14 19:49:04,581 views LOGIN: User allready logged in tries a new login
INFO 2025-01-14 21:06:26,617 views The old products page was accessed
INFO 2025-01-14 21:11:18,294 views The old products page was accessed
DEBUG 2025-01-15 00:10:26,549 views PRICE LOW 0 : PRICE_HIGH 10000
INFO 2025-01-15 00:10:40,206 views The old products page was accessed
INFO 2025-01-15 00:11:31,566 views The old products page was accessed
DEBUG 2025-01-15 00:12:07,551 views PRICE LOW 0 : PRICE_HIGH 10000
DEBUG 2025-01-15 17:46:41,124 views PRICE LOW 0 : PRICE_HIGH 10000
DEBUG 2025-01-15 17:46:58,653 views PRICE LOW 0 : PRICE_HIGH 10000
DEBUG 2025-01-15 17:46:59,299 views PRICE LOW 0 : PRICE_HIGH 10000
DEBUG 2025-01-15 17:48:13,457 views PRICE LOW 0 : PRICE_HIGH 10000
DEBUG 2025-01-15 18:38:18,876 views PRICE LOW 0 : PRICE_HIGH 10000
DEBUG 2025-01-15 19:06:14,371 views PRICE LOW 0 : PRICE_HIGH 10000
DEBUG 2025-01-15 19:11:55,621 views PRICE LOW 0 : PRICE_HIGH 10000
DEBUG 2025-01-15 22:12:09,473 views PRICE LOW 0 : PRICE_HIGH 10000
DEBUG 2025-01-15 22:13:17,022 views PRICE LOW 0 : PRICE_HIGH 10000
DEBUG 2025-01-15 22:15:25,072 views PRICE LOW 0 : PRICE_HIGH 10000
DEBUG 2025-01-15 22:15:26,296 views PRICE LOW 0 : PRICE_HIGH 10000
DEBUG 2025-01-15 22:15:27,193 views PRICE LOW 0 : PRICE_HIGH 10000
DEBUG 2025-01-15 22:16:44,272 views PRICE LOW 0 : PRICE_HIGH 10000
DEBUG 2025-01-15 22:16:45,603 views PRICE LOW 0 : PRICE_HIGH 10000
DEBUG 2025-01-15 22:16:52,598 views PRICE LOW 0 : PRICE_HIGH 10000
DEBUG 2025-01-15 22:17:56,374 views PRICE LOW 0 : PRICE_HIGH 10000
DEBUG 2025-01-15 22:18:22,543 views PRICE LOW 0 : PRICE_HIGH 10000
DEBUG 2025-01-15 22:18:23,325 views PRICE LOW 0 : PRICE_HIGH 10000
DEBUG 2025-01-15 22:18:23,539 views PRICE LOW 0 : PRICE_HIGH 10000
DEBUG 2025-01-15 22:18:23,705 views PRICE LOW 0 : PRICE_HIGH 10000
DEBUG 2025-01-15 22:18:23,864 views PRICE LOW 0 : PRICE_HIGH 10000
DEBUG 2025-01-15 22:18:24,003 views PRICE LOW 0 : PRICE_HIGH 10000
DEBUG 2025-01-15 22:18:29,829 views PRICE LOW 0 : PRICE_HIGH 10000
DEBUG 2025-01-15 22:19:31,211 views PRICE LOW 0 : PRICE_HIGH 10000
DEBUG 2025-01-15 22:20:02,830 views PRICE LOW 0 : PRICE_HIGH 10000
DEBUG 2025-01-15 22:20:03,718 views PRICE LOW 0 : PRICE_HIGH 10000
DEBUG 2025-01-15 22:20:04,066 views PRICE LOW 0 : PRICE_HIGH 10000
DEBUG 2025-01-15 22:20:04,363 views PRICE LOW 0 : PRICE_HIGH 10000
DEBUG 2025-01-15 22:20:24,690 views PRICE LOW 0 : PRICE_HIGH 10000
DEBUG 2025-01-15 22:22:01,745 views PRICE LOW 0 : PRICE_HIGH 10000
DEBUG 2025-01-15 22:22:02,474 views PRICE LOW 0 : PRICE_HIGH 10000
DEBUG 2025-01-15 22:22:02,817 views PRICE LOW 0 : PRICE_HIGH 10000
DEBUG 2025-01-15 22:22:08,101 views PRICE LOW 0 : PRICE_HIGH 10000
DEBUG 2025-01-15 22:22:08,968 views PRICE LOW 0 : PRICE_HIGH 10000
DEBUG 2025-01-15 22:22:09,143 views PRICE LOW 0 : PRICE_HIGH 10000
DEBUG 2025-01-15 22:22:09,299 views PRICE LOW 0 : PRICE_HIGH 10000
DEBUG 2025-01-15 22:22:09,444 views PRICE LOW 0 : PRICE_HIGH 10000
DEBUG 2025-01-15 22:22:09,596 views PRICE LOW 0 : PRICE_HIGH 10000
DEBUG 2025-01-15 22:22:09,732 views PRICE LOW 0 : PRICE_HIGH 10000
DEBUG 2025-01-15 22:22:15,666 views PRICE LOW 0 : PRICE_HIGH 10000
DEBUG 2025-01-15 22:22:16,227 views PRICE LOW 0 : PRICE_HIGH 10000
DEBUG 2025-01-15 22:22:16,455 views PRICE LOW 0 : PRICE_HIGH 10000
DEBUG 2025-01-15 22:23:08,683 views PRICE LOW 0 : PRICE_HIGH 10000
DEBUG 2025-01-15 22:23:09,576 views PRICE LOW 0 : PRICE_HIGH 10000
DEBUG 2025-01-15 22:23:09,906 views PRICE LOW 0 : PRICE_HIGH 10000
DEBUG 2025-01-15 22:23:55,704 views PRICE LOW 0 : PRICE_HIGH 10000
DEBUG 2025-01-15 22:24:24,945 views PRICE LOW 0 : PRICE_HIGH 10000
DEBUG 2025-01-15 22:24:33,348 views PRICE LOW 0 : PRICE_HIGH 10000
DEBUG 2025-01-15 22:24:34,163 views PRICE LOW 0 : PRICE_HIGH 10000
DEBUG 2025-01-15 22:24:34,762 views PRICE LOW 0 : PRICE_HIGH 10000
DEBUG 2025-01-15 22:24:34,982 views PRICE LOW 0 : PRICE_HIGH 10000
DEBUG 2025-01-15 22:24:35,157 views PRICE LOW 0 : PRICE_HIGH 10000
DEBUG 2025-01-15 22:24:35,309 views PRICE LOW 0 : PRICE_HIGH 10000
DEBUG 2025-01-15 22:25:20,879 views PRICE LOW 0 : PRICE_HIGH 10000
DEBUG 2025-01-15 22:25:36,331 views PRICE LOW 0 : PRICE_HIGH 10000
DEBUG 2025-01-15 22:25:48,158 views PRICE LOW 0 : PRICE_HIGH 10000
DEBUG 2025-01-15 22:26:23,372 views PRICE LOW 0 : PRICE_HIGH 10000
DEBUG 2025-01-15 22:26:27,730 views PRICE LOW 0 : PRICE_HIGH 10000
DEBUG 2025-01-15 22:27:25,826 views PRICE LOW 0 : PRICE_HIGH 10000
DEBUG 2025-01-15 22:27:47,412 views PRICE LOW 0 : PRICE_HIGH 10000
DEBUG 2025-01-15 22:27:59,001 views PRICE LOW 0 : PRICE_HIGH 10000
DEBUG 2025-01-15 22:29:02,538 views PRICE LOW 1000 : PRICE_HIGH 10000
DEBUG 2025-01-15 22:29:05,118 views PRICE LOW 0 : PRICE_HIGH 10000
DEBUG 2025-01-15 22:29:30,587 views PRICE LOW 0 : PRICE_HIGH 10000
DEBUG 2025-01-15 22:29:32,834 views PRICE LOW 0 : PRICE_HIGH 10000
DEBUG 2025-01-15 22:31:25,137 views PRICE LOW 0 : PRICE_HIGH 10000
WARNING 2025-01-15 22:35:42,654 views REGISTER: Registration failed
WARNING 2025-01-15 22:37:21,296 views REGISTER: Registration failed
WARNING 2025-01-15 22:37:26,758 views REGISTER: Registration failed
WARNING 2025-01-15 22:37:28,037 views REGISTER: Registration failed
WARNING 2025-01-15 22:37:28,549 views REGISTER: Registration failed
WARNING 2025-01-15 22:37:28,726 views REGISTER: Registration failed
WARNING 2025-01-15 22:37:41,619 views REGISTER: Registration failed
WARNING 2025-01-15 22:38:01,297 views REGISTER: Registration failed
WARNING 2025-01-15 22:38:01,435 views REGISTER: Registration failed
WARNING 2025-01-15 22:38:01,608 views REGISTER: Registration failed
WARNING 2025-01-15 22:38:01,751 views REGISTER: Registration failed
WARNING 2025-01-15 22:38:03,664 views REGISTER: Registration failed
WARNING 2025-01-15 22:40:00,999 views REGISTER: Registration failed
WARNING 2025-01-15 22:41:07,337 views REGISTER: Registration failed
DEBUG 2025-01-15 22:43:22,824 views PRICE LOW 0 : PRICE_HIGH 10000
DEBUG 2025-01-15 22:45:11,991 views PRICE LOW 0 : PRICE_HIGH 10000
DEBUG 2025-01-15 22:45:15,101 views PRICE LOW 0 : PRICE_HIGH 10000
INFO 2025-01-15 22:46:11,345 views The old products page was accessed
DEBUG 2025-01-15 22:46:33,545 views PRICE LOW 0 : PRICE_HIGH 10000
ERROR 2025-01-16 10:35:52,098 views LOGIN: User allready logged in tries a new login
DEBUG 2025-01-16 10:35:57,638 views PRICE LOW 0 : PRICE_HIGH 10000
INFO 2025-01-16 10:36:26,604 views ADD REVIEW: Review added successfully!
DEBUG 2025-01-16 10:40:02,884 views PRICE LOW 0 : PRICE_HIGH 10000
DEBUG 2025-01-16 10:41:57,833 views PRICE LOW 0 : PRICE_HIGH 10000
INFO 2025-01-16 10:43:18,307 views ADD REVIEW: Review added successfully!
INFO 2025-01-16 10:45:08,230 views ADD REVIEW: Review added successfully!
DEBUG 2025-01-16 10:47:42,747 views FORM IS VALID: Contact Form is Vald
